<?xml version="1.0" encoding="UTF-8"?>
<!-- Generated by org.testng.reporters.JUnitXMLReporter -->
<testsuite ignored="0" hostname="FFE-Pavankumar-Hebsur-FFE241" failures="1" tests="1" name="Default test" time="11.466" errors="0" timestamp="2024-02-09T18:03:21 IST">
  <testcase classname="io.cucumber.testng.AbstractTestNGCucumberTests" name="runScenario" time="10.011">
    <failure type="java.lang.NullPointerException" message="Cannot invoke &amp;quot;org.openqa.selenium.WebElement.findElement(org.openqa.selenium.By)&amp;quot; because &amp;quot;prod&amp;quot; is null">
      <![CDATA[java.lang.NullPointerException: Cannot invoke "org.openqa.selenium.WebElement.findElement(org.openqa.selenium.By)" because "prod" is null
at learning.pageobject.ProductCatelogPage.addProductToCart(ProductCatelogPage.java:49)
at learning.stepDefination.StepDefinationImp.i_add_product_to_cart(StepDefinationImp.java:38)
at ✽.I add product ADIDAS ORIGINAL from cart(file:///C:/Users/User/eclipse-workspace/SeleniumFramworkDesign/src/test/java/cucumber/SubmitOrder.feature:12)
]]>
    </failure>
  </testcase> <!-- runScenario -->
</testsuite> <!-- Default test -->
