<?xml version="1.0" encoding="UTF-8"?>
<!-- Generated by org.testng.reporters.JUnitXMLReporter -->
<testsuite ignored="0" hostname="FFE-Pavankumar-Hebsur-FFE241" failures="1" tests="2" name="Error Validation Test" time="36.235" errors="0" timestamp="2024-02-06T14:46:41 IST">
  <testcase classname="learning.ErrorValidationTest" name="loginErrorValidation" time="10.379">
    <failure type="org.testng.TestNGException" message="
Couldn&amp;apos;t find a constructor in class com.sun.net.httpserver.Authenticator$Retry">
      <![CDATA[org.testng.TestNGException: 
Couldn't find a constructor in class com.sun.net.httpserver.Authenticator$Retry
at java.base/java.util.ArrayList.forEach(ArrayList.java:1511)
at java.base/java.util.concurrent.FutureTask.run(FutureTask.java:264)
at java.base/java.util.concurrent.ThreadPoolExecutor.runWorker(ThreadPoolExecutor.java:1136)
at java.base/java.util.concurrent.ThreadPoolExecutor$Worker.run(ThreadPoolExecutor.java:635)
at java.base/java.lang.Thread.run(Thread.java:840)
... Removed 20 stack frames]]>
    </failure>
  </testcase> <!-- loginErrorValidation -->
  <testcase classname="learning.ErrorValidationTest" name="productErrorValidation" time="16.41"/>
</testsuite> <!-- Error Validation Test -->
