<?xml version="1.0" encoding="UTF-8"?>
<!-- Generated by org.testng.reporters.JUnitXMLReporter -->
<testsuite ignored="0" hostname="FFE-Pavankumar-Hebsur-FFE241" failures="0" tests="3" name="Submit Order test" time="52.335" errors="0" timestamp="2024-02-06T14:46:55 IST">
  <testcase classname="learning.SubmitOrderTest" name="submitOrder" time="8.402"/>
  <testcase classname="learning.SubmitOrderTest" name="submitOrder" time="19.321"/>
  <testcase classname="learning.SubmitOrderTest" name="orderHistoryTest" time="1.834"/>
</testsuite> <!-- Submit Order test -->
