<?xml version="1.0" encoding="UTF-8"?>
<!-- Generated by org.testng.reporters.JUnitXMLReporter -->
<testsuite ignored="0" hostname="FFE-Pavankumar-Hebsur-FFE241" failures="0" tests="3" name="Test" time="27.902" errors="0" timestamp="2024-02-05T13:23:18 IST">
  <testcase classname="learning.ErrorValidationTest" name="loginErrorValidation" time="1.002"/>
  <testcase classname="learning.ErrorValidationTest" name="productErrorValidation" time="2.312"/>
  <testcase classname="learning.StandAlonetestTest" name="submitOrder" time="15.172"/>
</testsuite> <!-- Test -->
