<?xml version="1.0" encoding="UTF-8"?>
<!-- Generated by org.testng.reporters.JUnitXMLReporter -->
<testsuite ignored="0" hostname="FFE-Pavankumar-Hebsur-FFE241" failures="1" tests="2" name="Error Validation Test" time="38.152" errors="0" timestamp="2024-02-09T18:40:35 IST">
  <testcase classname="learning.ErrorValidationTest" name="loginErrorValidation" time="2.719">
    <failure type="java.lang.AssertionError" message="expected [Incorrect email or password.] but found [Incorrect email r password.]">
      <![CDATA[java.lang.AssertionError: expected [Incorrect email or password.] but found [Incorrect email r password.]
at learning.ErrorValidationTest.loginErrorValidation(ErrorValidationTest.java:34)
at java.base/java.util.ArrayList.forEach(ArrayList.java:1541)
at java.base/java.util.concurrent.FutureTask.run(FutureTask.java:264)
at java.base/java.util.concurrent.ThreadPoolExecutor.runWorker(ThreadPoolExecutor.java:1128)
at java.base/java.util.concurrent.ThreadPoolExecutor$Worker.run(ThreadPoolExecutor.java:628)
at java.base/java.lang.Thread.run(Thread.java:834)
... Removed 23 stack frames]]>
    </failure>
  </testcase> <!-- loginErrorValidation -->
  <testcase classname="learning.ErrorValidationTest" name="productErrorValidation" time="16.229"/>
</testsuite> <!-- Error Validation Test -->
