<?xml version="1.0" encoding="UTF-8"?>
<!-- Generated by org.testng.reporters.JUnitXMLReporter -->
<testsuite ignored="0" hostname="FFE-Pavankumar-Hebsur-FFE241" failures="0" tests="3" name="Submit Order test" time="50.487" errors="0" timestamp="2024-02-09T18:40:46 IST">
  <testcase classname="learning.SubmitOrderTest" name="submitOrder" time="9.016"/>
  <testcase classname="learning.SubmitOrderTest" name="submitOrder" time="16.573"/>
  <testcase classname="learning.SubmitOrderTest" name="orderHistoryTest" time="2.086"/>
</testsuite> <!-- Submit Order test -->
