<?xml version="1.0" encoding="UTF-8"?>
<testng-results ignored="0" total="1" passed="0" failed="1" skipped="0">
  <reporter-output>
  </reporter-output>
  <suite started-at="2024-02-09T18:03:10 IST" name="Default suite" finished-at="2024-02-09T18:03:21 IST" duration-ms="11466">
    <groups>
      <group name="cucumber">
        <method signature="AbstractTestNGCucumberTests.runScenario(io.cucumber.testng.PickleWrapper,io.cucumber.testng.FeatureWrapper)[pri:0, instance:cucumber.TestNGTestRunner@353352b6]" name="runScenario" class="io.cucumber.testng.AbstractTestNGCucumberTests"/>
      </group> <!-- cucumber -->
    </groups>
    <test started-at="2024-02-09T18:03:10 IST" name="Default test" finished-at="2024-02-09T18:03:21 IST" duration-ms="11466">
      <class name="cucumber.TestNGTestRunner">
        <test-method is-config="true" signature="setUpClass(org.testng.ITestContext)[pri:0, instance:cucumber.TestNGTestRunner@353352b6]" started-at="2024-02-09T18:03:10 IST" name="setUpClass" finished-at="2024-02-09T18:03:11 IST" duration-ms="1204" status="PASS">
          <params>
            <param index="0">
              <value>
                <![CDATA[org.testng.TestRunner@250a9031]]>
              </value>
            </param>
          </params>
          <reporter-output>
          </reporter-output>
        </test-method> <!-- setUpClass -->
        <test-method signature="runScenario(io.cucumber.testng.PickleWrapper,io.cucumber.testng.FeatureWrapper)[pri:0, instance:cucumber.TestNGTestRunner@353352b6]" started-at="2024-02-09T18:03:11 IST" name="runScenario" description="Runs Cucumber Scenarios" data-provider="scenarios" finished-at="2024-02-09T18:03:21 IST" duration-ms="10011" status="FAIL">
          <params>
            <param index="0">
              <value>
                <![CDATA["Positive test of the Submiting the order"]]>
              </value>
            </param>
            <param index="1">
              <value>
                <![CDATA["Purchase the order from E-commerce Website"]]>
              </value>
            </param>
          </params>
          <exception class="java.lang.NullPointerException">
            <message>
              <![CDATA[Cannot invoke "org.openqa.selenium.WebElement.findElement(org.openqa.selenium.By)" because "prod" is null]]>
            </message>
            <full-stacktrace>
              <![CDATA[java.lang.NullPointerException: Cannot invoke "org.openqa.selenium.WebElement.findElement(org.openqa.selenium.By)" because "prod" is null
at learning.pageobject.ProductCatelogPage.addProductToCart(ProductCatelogPage.java:49)
at learning.stepDefination.StepDefinationImp.i_add_product_to_cart(StepDefinationImp.java:38)
at ✽.I add product ADIDAS ORIGINAL from cart(file:///C:/Users/User/eclipse-workspace/SeleniumFramworkDesign/src/test/java/cucumber/SubmitOrder.feature:12)
]]>
            </full-stacktrace>
          </exception> <!-- java.lang.NullPointerException -->
          <reporter-output>
          </reporter-output>
        </test-method> <!-- runScenario -->
        <test-method is-config="true" signature="tearDownClass()[pri:0, instance:cucumber.TestNGTestRunner@353352b6]" started-at="2024-02-09T18:03:21 IST" name="tearDownClass" finished-at="2024-02-09T18:03:21 IST" duration-ms="135" status="PASS">
          <reporter-output>
          </reporter-output>
        </test-method> <!-- tearDownClass -->
      </class> <!-- cucumber.TestNGTestRunner -->
    </test> <!-- Default test -->
  </suite> <!-- Default suite -->
</testng-results>
