<?xml version="1.0" encoding="UTF-8"?>
<!-- Generated by org.testng.reporters.JUnitReportReporter -->
<testsuite hostname="FFE-Pavankumar-Hebsur-FFE241" failures="0" tests="1" name="cucumber.TestNGTestRunner" time="10.011" errors="1" timestamp="2024-02-09T18:03:22 IST" skipped="0">
  <testcase classname="cucumber.TestNGTestRunner" name="runScenario" time="10.011">
    <error message="Cannot invoke &quot;org.openqa.selenium.WebElement.findElement(org.openqa.selenium.By)&quot; because &quot;prod&quot; is null" type="java.lang.NullPointerException">
      <![CDATA[java.lang.NullPointerException: Cannot invoke "org.openqa.selenium.WebElement.findElement(org.openqa.selenium.By)" because "prod" is null
at learning.pageobject.ProductCatelogPage.addProductToCart(ProductCatelogPage.java:49)
at learning.stepDefination.StepDefinationImp.i_add_product_to_cart(StepDefinationImp.java:38)
at ✽.I add product ADIDAS ORIGINAL from cart(file:///C:/Users/User/eclipse-workspace/SeleniumFramworkDesign/src/test/java/cucumber/SubmitOrder.feature:12)
]]>
    </error>
  </testcase> <!-- runScenario -->
</testsuite> <!-- cucumber.TestNGTestRunner -->
